<?xml version="1.0" encoding="UTF-8"?>
<!-- Generated by org.testng.reporters.JUnitReportReporter -->
<testsuite hostname="DESKTOP-82NGUMC" failures="0" tests="1" name="testCases.TC_001_AccoutRegistration" time="20.368" errors="0" timestamp="2022-04-04T22:23:04 IST" skipped="0">
  <testcase classname="testCases.TC_001_AccoutRegistration" name="test_account_Registration" time="20.368"/>
  <system-out/>
</testsuite> <!-- testCases.TC_001_AccoutRegistration -->
