<?xml version="1.0" encoding="UTF-8"?>
<!-- Generated by org.testng.reporters.JUnitReportReporter -->
<testsuite hostname="DESKTOP-82NGUMC" failures="0" tests="1" name="testCases.TC_002_Login" time="11.499" errors="0" timestamp="2022-04-05T23:45:18 IST" skipped="0">
  <testcase classname="testCases.TC_002_Login" name="test_Login" time="11.499"/>
  <system-out/>
</testsuite> <!-- testCases.TC_002_Login -->
