<?xml version="1.0" encoding="UTF-8"?>
<!-- Generated by org.testng.reporters.JUnitReportReporter -->
<testsuite hostname="DESKTOP-82NGUMC" failures="0" tests="1" name="testCases.TC_001_AccoutRegistration" time="7.692" errors="0" timestamp="2022-04-05T23:45:18 IST" skipped="0">
  <testcase classname="testCases.TC_001_AccoutRegistration" name="test_account_Registration" time="7.692"/>
  <system-out/>
</testsuite> <!-- testCases.TC_001_AccoutRegistration -->
